<?xml version="1.0" encoding="UTF-8"?>
<!-- Generated by org.testng.reporters.JUnitReportReporter -->
<testsuite hostname="DESKTOP-FCFG2N4" failures="0" tests="1" name="Yad2.Tests.BackToHomePage_07" time="16.773" errors="0" timestamp="2024-06-30T19:37:11 IDT" skipped="0">
  <testcase classname="Yad2.Tests.BackToHomePage_07" name="StandAlone" time="16.773"/>
</testsuite> <!-- Yad2.Tests.BackToHomePage_07 -->
