<?xml version="1.0" encoding="UTF-8"?>
<!-- Generated by org.testng.reporters.JUnitReportReporter -->
<testsuite hostname="DESKTOP-FCFG2N4" failures="0" tests="1" name="Yad2.Tests.TopMenuTitles_01" time="60.777" errors="0" timestamp="2024-06-30T19:37:11 IDT" skipped="0">
  <testcase classname="Yad2.Tests.TopMenuTitles_01" name="StandAlone" time="60.777"/>
</testsuite> <!-- Yad2.Tests.TopMenuTitles_01 -->
