<?xml version="1.0" encoding="UTF-8"?>
<!-- Generated by org.testng.reporters.JUnitReportReporter -->
<testsuite hostname="DESKTOP-FCFG2N4" failures="0" tests="1" name="Yad2.Tests.TruckSearchComparison_04" time="17.303" errors="0" timestamp="2024-06-30T19:37:11 IDT" skipped="0">
  <testcase classname="Yad2.Tests.TruckSearchComparison_04" name="StandAlone" time="17.303"/>
</testsuite> <!-- Yad2.Tests.TruckSearchComparison_04 -->
