<?xml version="1.0" encoding="UTF-8"?>
<!-- Generated by org.testng.reporters.JUnitReportReporter -->
<testsuite hostname="DESKTOP-FCFG2N4" failures="0" tests="1" name="Yad2.Tests.TruckSortingComparisonTest05" time="33.187" errors="0" timestamp="2024-06-30T23:13:05 IDT" skipped="0">
  <testcase classname="Yad2.Tests.TruckSortingComparisonTest05" name="TruckSortingComparisonTest05" time="33.187"/>
</testsuite> <!-- Yad2.Tests.TruckSortingComparisonTest05 -->
