<?xml version="1.0" encoding="UTF-8"?>
<!-- Generated by org.testng.reporters.JUnitReportReporter -->
<testsuite hostname="DESKTOP-FCFG2N4" failures="0" tests="1" name="Yad2.Tests.TruckSearchDetailedPageComparison_06" time="20.612" errors="0" timestamp="2024-06-30T19:37:11 IDT" skipped="0">
  <testcase classname="Yad2.Tests.TruckSearchDetailedPageComparison_06" name="StandAlone" time="20.612"/>
</testsuite> <!-- Yad2.Tests.TruckSearchDetailedPageComparison_06 -->
