<?xml version="1.0" encoding="UTF-8"?>
<!-- Generated by org.testng.reporters.JUnitReportReporter -->
<testsuite hostname="DESKTOP-FCFG2N4" failures="0" tests="1" name="Yad2.Tests.VehicleTypesComparisonTest03" time="52.169" errors="0" timestamp="2024-06-30T23:13:05 IDT" skipped="0">
  <testcase classname="Yad2.Tests.VehicleTypesComparisonTest03" name="VehicleTypesComparisonTest03" time="52.169"/>
</testsuite> <!-- Yad2.Tests.VehicleTypesComparisonTest03 -->
